{"C:\\codes\\ToDoList\\src\\domains\\task\\service\\taskService.ts": {"path":"C:\\codes\\ToDoList\\src\\domains\\task\\service\\taskService.ts","statementMap":{"0":{"start":{"line":2,"column":0},"end":{"line":2,"column":58}},"1":{"start":{"line":3,"column":0},"end":{"line":3,"column":73}},"2":{"start":{"line":5,"column":0},"end":{"line":5,"column":69}},"3":{"start":{"line":9,"column":8},"end":{"line":21,"column":11}},"4":{"start":{"line":25,"column":21},"end":{"line":33,"column":10}},"5":{"start":{"line":35,"column":8},"end":{"line":37,"column":9}},"6":{"start":{"line":36,"column":12},"end":{"line":36,"column":77}},"7":{"start":{"line":39,"column":8},"end":{"line":41,"column":9}},"8":{"start":{"line":40,"column":12},"end":{"line":40,"column":null}},"9":{"start":{"line":43,"column":8},"end":{"line":47,"column":11}},"10":{"start":{"line":51,"column":21},"end":{"line":59,"column":10}},"11":{"start":{"line":61,"column":8},"end":{"line":63,"column":9}},"12":{"start":{"line":62,"column":12},"end":{"line":62,"column":77}},"13":{"start":{"line":65,"column":8},"end":{"line":67,"column":9}},"14":{"start":{"line":66,"column":12},"end":{"line":66,"column":86}},"15":{"start":{"line":69,"column":8},"end":{"line":80,"column":null}},"16":{"start":{"line":84,"column":21},"end":{"line":88,"column":10}},"17":{"start":{"line":90,"column":8},"end":{"line":92,"column":9}},"18":{"start":{"line":91,"column":12},"end":{"line":91,"column":null}},"19":{"start":{"line":94,"column":8},"end":{"line":94,"column":20}},"20":{"start":{"line":98,"column":36},"end":{"line":103,"column":10}},"21":{"start":{"line":105,"column":35},"end":{"line":105,"column":37}},"22":{"start":{"line":107,"column":8},"end":{"line":113,"column":9}},"23":{"start":{"line":108,"column":12},"end":{"line":112,"column":15}},"24":{"start":{"line":115,"column":8},"end":{"line":121,"column":9}},"25":{"start":{"line":116,"column":12},"end":{"line":120,"column":15}},"26":{"start":{"line":123,"column":28},"end":{"line":128,"column":10}},"27":{"start":{"line":130,"column":8},"end":{"line":132,"column":null}},"28":{"start":{"line":136,"column":13},"end":{"line":136,"column":43}}},"fnMap":{"0":{"name":"(anonymous_0)","decl":{"start":{"line":8,"column":4},"end":{"line":8,"column":9}},"loc":{"start":{"line":8,"column":86},"end":{"line":22,"column":5}}},"1":{"name":"(anonymous_1)","decl":{"start":{"line":24,"column":4},"end":{"line":24,"column":9}},"loc":{"start":{"line":24,"column":53},"end":{"line":48,"column":5}}},"2":{"name":"(anonymous_2)","decl":{"start":{"line":50,"column":4},"end":{"line":50,"column":9}},"loc":{"start":{"line":50,"column":107},"end":{"line":81,"column":5}}},"3":{"name":"(anonymous_3)","decl":{"start":{"line":83,"column":4},"end":{"line":83,"column":9}},"loc":{"start":{"line":83,"column":28},"end":{"line":95,"column":5}}},"4":{"name":"(anonymous_4)","decl":{"start":{"line":97,"column":4},"end":{"line":97,"column":9}},"loc":{"start":{"line":97,"column":86},"end":{"line":133,"column":5}}}},"branchMap":{"0":{"loc":{"start":{"line":35,"column":8},"end":{"line":37,"column":9}},"type":"if","locations":[{"start":{"line":35,"column":8},"end":{"line":37,"column":9}}]},"1":{"loc":{"start":{"line":39,"column":8},"end":{"line":41,"column":9}},"type":"if","locations":[{"start":{"line":39,"column":8},"end":{"line":41,"column":9}}]},"2":{"loc":{"start":{"line":61,"column":8},"end":{"line":63,"column":9}},"type":"if","locations":[{"start":{"line":61,"column":8},"end":{"line":63,"column":9}}]},"3":{"loc":{"start":{"line":65,"column":8},"end":{"line":67,"column":9}},"type":"if","locations":[{"start":{"line":65,"column":8},"end":{"line":67,"column":9}}]},"4":{"loc":{"start":{"line":90,"column":8},"end":{"line":92,"column":9}},"type":"if","locations":[{"start":{"line":90,"column":8},"end":{"line":92,"column":9}}]},"5":{"loc":{"start":{"line":107,"column":8},"end":{"line":113,"column":9}},"type":"if","locations":[{"start":{"line":107,"column":8},"end":{"line":113,"column":9}}]},"6":{"loc":{"start":{"line":115,"column":8},"end":{"line":121,"column":9}},"type":"if","locations":[{"start":{"line":115,"column":8},"end":{"line":121,"column":9}}]}},"s":{"0":1,"1":1,"2":1,"3":1,"4":3,"5":3,"6":1,"7":2,"8":1,"9":1,"10":3,"11":3,"12":1,"13":2,"14":1,"15":1,"16":2,"17":2,"18":1,"19":1,"20":4,"21":4,"22":4,"23":2,"24":4,"25":2,"26":4,"27":4,"28":1},"f":{"0":1,"1":3,"2":3,"3":2,"4":4},"b":{"0":[1],"1":[1],"2":[1],"3":[1],"4":[1],"5":[2],"6":[2]}}
,"C:\\codes\\ToDoList\\src\\domains\\user\\service\\userService.ts": {"path":"C:\\codes\\ToDoList\\src\\domains\\user\\service\\userService.ts","statementMap":{"0":{"start":{"line":2,"column":0},"end":{"line":2,"column":58}},"1":{"start":{"line":3,"column":0},"end":{"line":3,"column":73}},"2":{"start":{"line":4,"column":0},"end":{"line":4,"column":65}},"3":{"start":{"line":5,"column":0},"end":{"line":5,"column":60}},"4":{"start":{"line":6,"column":0},"end":{"line":6,"column":28}},"5":{"start":{"line":7,"column":0},"end":{"line":7,"column":69}},"6":{"start":{"line":12,"column":21},"end":{"line":16,"column":10}},"7":{"start":{"line":18,"column":8},"end":{"line":20,"column":9}},"8":{"start":{"line":19,"column":12},"end":{"line":19,"column":75}},"9":{"start":{"line":22,"column":31},"end":{"line":22,"column":96}},"10":{"start":{"line":24,"column":8},"end":{"line":37,"column":11}},"11":{"start":{"line":41,"column":21},"end":{"line":45,"column":10}},"12":{"start":{"line":47,"column":8},"end":{"line":49,"column":9}},"13":{"start":{"line":48,"column":12},"end":{"line":48,"column":74}},"14":{"start":{"line":51,"column":8},"end":{"line":53,"column":9}},"15":{"start":{"line":52,"column":12},"end":{"line":52,"column":92}},"16":{"start":{"line":55,"column":8},"end":{"line":57,"column":9}},"17":{"start":{"line":56,"column":12},"end":{"line":56,"column":null}},"18":{"start":{"line":59,"column":8},"end":{"line":72,"column":null}},"19":{"start":{"line":76,"column":21},"end":{"line":80,"column":10}},"20":{"start":{"line":81,"column":8},"end":{"line":83,"column":9}},"21":{"start":{"line":82,"column":12},"end":{"line":82,"column":75}},"22":{"start":{"line":85,"column":8},"end":{"line":85,"column":20}},"23":{"start":{"line":89,"column":13},"end":{"line":89,"column":43}}},"fnMap":{"0":{"name":"(anonymous_1)","decl":{"start":{"line":11,"column":4},"end":{"line":11,"column":9}},"loc":{"start":{"line":11,"column":53},"end":{"line":38,"column":5}}},"1":{"name":"(anonymous_2)","decl":{"start":{"line":40,"column":4},"end":{"line":40,"column":9}},"loc":{"start":{"line":40,"column":91},"end":{"line":73,"column":5}}},"2":{"name":"(anonymous_3)","decl":{"start":{"line":75,"column":4},"end":{"line":75,"column":9}},"loc":{"start":{"line":75,"column":35},"end":{"line":86,"column":5}}}},"branchMap":{"0":{"loc":{"start":{"line":18,"column":8},"end":{"line":20,"column":9}},"type":"if","locations":[{"start":{"line":18,"column":8},"end":{"line":20,"column":9}}]},"1":{"loc":{"start":{"line":47,"column":8},"end":{"line":49,"column":9}},"type":"if","locations":[{"start":{"line":47,"column":8},"end":{"line":49,"column":9}}]},"2":{"loc":{"start":{"line":51,"column":8},"end":{"line":53,"column":9}},"type":"if","locations":[{"start":{"line":51,"column":8},"end":{"line":53,"column":9}}]},"3":{"loc":{"start":{"line":55,"column":8},"end":{"line":57,"column":9}},"type":"if","locations":[{"start":{"line":55,"column":8},"end":{"line":57,"column":9}}]},"4":{"loc":{"start":{"line":81,"column":8},"end":{"line":83,"column":9}},"type":"if","locations":[{"start":{"line":81,"column":8},"end":{"line":83,"column":9}}]}},"s":{"0":1,"1":1,"2":1,"3":1,"4":1,"5":1,"6":2,"7":2,"8":1,"9":1,"10":1,"11":3,"12":3,"13":1,"14":2,"15":1,"16":1,"17":1,"18":1,"19":2,"20":2,"21":1,"22":1,"23":1},"f":{"0":2,"1":3,"2":2},"b":{"0":[1],"1":[1],"2":[1],"3":[1],"4":[1]}}
}
