TN:
SF:src\domains\task\service\taskService.ts
FN:8,(anonymous_0)
FN:24,(anonymous_1)
FN:50,(anonymous_2)
FN:83,(anonymous_3)
FN:97,(anonymous_4)
FNF:5
FNH:5
FNDA:1,(anonymous_0)
FNDA:3,(anonymous_1)
FNDA:3,(anonymous_2)
FNDA:2,(anonymous_3)
FNDA:4,(anonymous_4)
DA:2,1
DA:3,1
DA:5,1
DA:9,1
DA:25,3
DA:35,3
DA:36,1
DA:39,2
DA:40,1
DA:43,1
DA:51,3
DA:61,3
DA:62,1
DA:65,2
DA:66,1
DA:69,1
DA:84,2
DA:90,2
DA:91,1
DA:94,1
DA:98,4
DA:105,4
DA:107,4
DA:108,2
DA:115,4
DA:116,2
DA:123,4
DA:130,4
DA:136,1
LF:29
LH:29
BRDA:35,0,0,1
BRDA:39,1,0,1
BRDA:61,2,0,1
BRDA:65,3,0,1
BRDA:90,4,0,1
BRDA:107,5,0,2
BRDA:115,6,0,2
BRF:7
BRH:7
end_of_record
TN:
SF:src\domains\user\service\userService.ts
FN:11,(anonymous_1)
FN:40,(anonymous_2)
FN:75,(anonymous_3)
FNF:3
FNH:3
FNDA:2,(anonymous_1)
FNDA:3,(anonymous_2)
FNDA:2,(anonymous_3)
DA:2,1
DA:3,1
DA:4,1
DA:5,1
DA:6,1
DA:7,1
DA:12,2
DA:18,2
DA:19,1
DA:22,1
DA:24,1
DA:41,3
DA:47,3
DA:48,1
DA:51,2
DA:52,1
DA:55,1
DA:56,1
DA:59,1
DA:76,2
DA:81,2
DA:82,1
DA:85,1
DA:89,1
LF:24
LH:24
BRDA:18,0,0,1
BRDA:47,1,0,1
BRDA:51,2,0,1
BRDA:55,3,0,1
BRDA:81,4,0,1
BRF:5
BRH:5
end_of_record
